<?xml version="1.0" encoding="UTF-8"?>
<!-- Generated by org.testng.reporters.JUnitXMLReporter -->
<testsuite ignored="0" hostname="WKWZTs6B2xJZaJI" failures="0" tests="19" name="Test" time="25.133" errors="0" timestamp="2022-11-23T00:00:18 IST">
  <testcase classname="Testing.AssertionDemo" name="test1" time="0.024"/>
  <testcase classname="Testing.AssertionDemo" name="test2" time="0.008"/>
  <testcase classname="Testing.AssertionDemo" name="test3" time="0.003"/>
  <testcase classname="Testing.AssertionDemo" name="test4" time="0.002"/>
  <testcase classname="Testing.AssertionDemo" name="test5" time="0.004"/>
  <testcase classname="Testing.SmokeDemo" name="verifyForgotPassword" time="0.089"/>
  <testcase classname="Testing.SmokeDemo" name="verifySocialMediaCount" time="0.03"/>
  <testcase classname="Testing.SmokeDemo" name="verifyTitle" time="0.012"/>
  <testcase classname="Testing.SmokeDemo" name="verifyUrl" time="0.009"/>
  <testcase classname="Testing.LoginTest" name="invalidUsernameNoPassword" time="0.293"/>
  <testcase classname="Testing.LoginTest" name="noUsernameNoPassword" time="0.152"/>
  <testcase classname="Testing.LoginTest" name="noUsernamePassword" time="0.199"/>
  <testcase classname="Testing.SignupFormTest" name="fillForm" time="5.704"/>
  <testcase classname="Testing.LoginTest" name="validUsernameInvalidPassword" time="1.008"/>
  <testcase classname="Testing.CrossBrowserTesting" name="loginTest" time="16.271"/>
  <testcase classname="Testing.SignupFormTest" name="login" time="3.644"/>
  <testcase classname="Testing.CreateUserTest" name="createUser" time="12.461"/>
  <testcase classname="Testing.CreateUserTest" name="SignInWithNewUser" time="2.434"/>
  <testcase classname="Testing.LoginTest" name="validUsernameValidPassword" time="10.035"/>
</testsuite> <!-- Test -->
