<?xml version="1.0" encoding="UTF-8"?>
<!-- Generated by org.testng.reporters.JUnitXMLReporter -->
<testsuite ignored="0" hostname="WKWZTs6B2xJZaJI" failures="0" tests="19" name="Test" time="16.988" errors="0" timestamp="2022-11-23T15:50:22 IST">
  <testcase classname="Testing.AssertionDemo" name="test1" time="0.009"/>
  <testcase classname="Testing.AssertionDemo" name="test2" time="0.0"/>
  <testcase classname="Testing.AssertionDemo" name="test3" time="0.0"/>
  <testcase classname="Testing.AssertionDemo" name="test4" time="0.0"/>
  <testcase classname="Testing.AssertionDemo" name="test5" time="0.0"/>
  <testcase classname="Testing.SmokeDemo" name="verifyForgotPassword" time="0.092"/>
  <testcase classname="Testing.SmokeDemo" name="verifySocialMediaCount" time="0.028"/>
  <testcase classname="Testing.SmokeDemo" name="verifyTitle" time="0.008"/>
  <testcase classname="Testing.SmokeDemo" name="verifyUrl" time="0.008"/>
  <testcase classname="Testing.LoginTest" name="invalidUsernameNoPassword" time="0.318"/>
  <testcase classname="Testing.LoginTest" name="noUsernameNoPassword" time="0.143"/>
  <testcase classname="Testing.LoginTest" name="noUsernamePassword" time="0.115"/>
  <testcase classname="Testing.CrossBrowserTesting" name="loginTest" time="8.845"/>
  <testcase classname="Testing.LoginTest" name="validUsernameInvalidPassword" time="0.876"/>
  <testcase classname="Testing.SignupFormTest" name="fillForm" time="5.168"/>
  <testcase classname="Testing.LoginTest" name="validUsernameValidPassword" time="4.479"/>
  <testcase classname="Testing.CreateUserTest" name="createUser" time="11.949"/>
  <testcase classname="Testing.SignupFormTest" name="login" time="2.947"/>
  <testcase classname="Testing.CreateUserTest" name="SignInWithNewUser" time="1.237"/>
</testsuite> <!-- Test -->
