<?xml version="1.0" encoding="UTF-8"?>
<testsuite xmlns:xsi="http://www.w3.org/2001/XMLSchema-instance" xsi:noNamespaceSchemaLocation="https://maven.apache.org/surefire/maven-surefire-plugin/xsd/surefire-test-report-3.0.xsd" version="3.0" name="TestSuite" time="27.034" tests="22" errors="0" skipped="0" failures="0">
  <properties>
[...]
</properties>
  <testcase name="test1" classname="Testing.AssertionDemo" time="0.008">
    <system-err><![CDATA[SLF4J: Failed to load class "org.slf4j.impl.StaticLoggerBinder".
SLF4J: Defaulting to no-operation (NOP) logger implementation
SLF4J: See http://www.slf4j.org/codes.html#StaticLoggerBinder for further details.
Starting Microsoft Edge WebDriver 107.0.1418.56 (5b47a5c50066f665a52aa4155d30228091b46135) on port 22700
To submit feedback, report a bug, or suggest new features, please visit https://github.com/MicrosoftEdge/EdgeWebDriver

Only local connections are allowed.
Please see https://aka.ms/WebDriverSecurity for suggestions on keeping Microsoft Edge WebDriver safe.

Microsoft Edge WebDriver was started successfully.
]]></system-err>
  </testcase>
  <testcase name="test2" classname="Testing.AssertionDemo" time="0.003"/>
  <testcase name="test3" classname="Testing.AssertionDemo" time="0"/>
  <testcase name="test4" classname="Testing.AssertionDemo" time="0.001"/>
  <testcase name="test5" classname="Testing.AssertionDemo" time="0"/>
  <testcase name="verifyForgotPassword" classname="Testing.SmokeDemo" time="0.093">
    <system-out><![CDATA[Hortense007
]]></system-out>
    <system-err><![CDATA[Starting Microsoft Edge WebDriver 107.0.1418.56 (5b47a5c50066f665a52aa4155d30228091b46135) on port 21533
To submit feedback, report a bug, or suggest new features, please visit https://github.com/MicrosoftEdge/EdgeWebDriver

Only local connections are allowed.
Please see https://aka.ms/WebDriverSecurity for suggestions on keeping Microsoft Edge WebDriver safe.

Starting Microsoft Edge WebDriver 107.0.1418.56 (5b47a5c50066f665a52aa4155d30228091b46135) on port 22435
To submit feedback, report a bug, or suggest new features, please visit https://github.com/MicrosoftEdge/EdgeWebDriver

Only local connections are allowed.
Please see https://aka.ms/WebDriverSecurity for suggestions on keeping Microsoft Edge WebDriver safe.

Starting Microsoft Edge WebDriver 107.0.1418.56 (5b47a5c50066f665a52aa4155d30228091b46135) on port 6541
To submit feedback, report a bug, or suggest new features, please visit https://github.com/MicrosoftEdge/EdgeWebDriver

Only local connections are allowed.
Please see https://aka.ms/WebDriverSecurity for suggestions on keeping Microsoft Edge WebDriver safe.

Starting Microsoft Edge WebDriver 107.0.1418.56 (5b47a5c50066f665a52aa4155d30228091b46135) on port 8648
To submit feedback, report a bug, or suggest new features, please visit https://github.com/MicrosoftEdge/EdgeWebDriver

Only local connections are allowed.
Please see https://aka.ms/WebDriverSecurity for suggestions on keeping Microsoft Edge WebDriver safe.

Microsoft Edge WebDriver was started successfully.
Microsoft Edge WebDriver was started successfully.
Microsoft Edge WebDriver was started successfully.
Microsoft Edge WebDriver was started successfully.
]]></system-err>
  </testcase>
  <testcase name="verifySocialMediaCount" classname="Testing.SmokeDemo" time="0.028"/>
  <testcase name="verifyTitle" classname="Testing.SmokeDemo" time="0.009"/>
  <testcase name="verifyUrl" classname="Testing.SmokeDemo" time="0.008"/>
  <testcase name="invalidUsernameNoPassword" classname="Testing.LoginTest" time="0.168"/>
  <testcase name="noUsernameNoPassword" classname="Testing.LoginTest" time="0.143"/>
  <testcase name="noUsernamePassword" classname="Testing.LoginTest" time="0.114"/>
  <testcase name="validUsernameInvalidPassword" classname="Testing.LoginTest" time="0.876"/>
  <testcase name="validUsernameValidPassword" classname="Testing.LoginTest" time="1.476"/>
  <testcase name="loginTest[Edge](1)" classname="Testing.CrossBrowserTesting" time="0.023"/>
  <testcase name="loginTest[Edge](1)" classname="Testing.CrossBrowserTesting" time="4.179"/>
  <testcase name="loginTest[Chrome](1)" classname="Testing.CrossBrowserTesting" time="4.131">
    <system-err><![CDATA[1669198823002	geckodriver	INFO	Listening on 127.0.0.1:35810
1669198823034	mozrunner::runner	INFO	Running command: "C:\\Program Files\\Mozilla Firefox\\firefox.exe" "--marionette" "--remote-debugging-port" "10372" "--remote-allow-hosts" "localhost" "--remote-allow-origins" "http://127.0.0.1:10372/,http://localhost:10372/,http://[::1]:10372/" "-no-remote" "-profile" "C:\\Users\\ANISIN~1\\AppData\\Local\\Temp\\rust_mozprofile7S8Ypx"
Starting Microsoft Edge WebDriver 107.0.1418.56 (5b47a5c50066f665a52aa4155d30228091b46135) on port 32404
To submit feedback, report a bug, or suggest new features, please visit https://github.com/MicrosoftEdge/EdgeWebDriver

Only local connections are allowed.
Please see https://aka.ms/WebDriverSecurity for suggestions on keeping Microsoft Edge WebDriver safe.

Starting ChromeDriver 107.0.5304.62 (1eec40d3a5764881c92085aaee66d25075c159aa-refs/branch-heads/5304@{#942}) on port 34461
Only local connections are allowed.
Please see https://chromedriver.chromium.org/security-considerations for suggestions on keeping ChromeDriver safe.
Microsoft Edge WebDriver was started successfully.
ChromeDriver was started successfully.
1669198823462	Marionette	INFO	Marionette enabled
1669198823470	Marionette	INFO	Listening on port 60900
Read port: 60900
WebDriver BiDi listening on ws://127.0.0.1:10372
1669198823661	RemoteAgent	WARN	TLS certificate errors will be ignored for this session
console.warn: SearchSettings: "get: No settings file exists, new profile?" (new NotFoundError("Could not open the file at C:\\Users\\ANISIN~1\\AppData\\Local\\Temp\\rust_mozprofile7S8Ypx\\search.json.mozlz4", (void 0)))
DevTools listening on ws://127.0.0.1:10372/devtools/browser/86ef0731-c20b-4359-9880-40a2dbdbae8f
JavaScript error: resource://gre/modules/URIFixup.sys.mjs, line 304: NS_ERROR_FAILURE: Should pass a non-null uri
]]></system-err>
  </testcase>
  <testcase name="loginTest[Firefox](1)" classname="Testing.CrossBrowserTesting" time="6.406">
    <system-err><![CDATA[1669198828677	Marionette	INFO	Stopped listening on port 60900
]]></system-err>
  </testcase>
  <testcase name="fillForm" classname="Testing.SignupFormTest" time="3"/>
  <testcase name="login" classname="Testing.SignupFormTest" time="0.201"/>
  <testcase name="createUser" classname="Testing.CreateUserTest" time="2.745"/>
  <testcase name="SignInWithNewUser" classname="Testing.CreateUserTest" time="1.237"/>
</testsuite>